<?xml version="1.0" encoding="UTF-8"?>
<!-- Generated by org.testng.reporters.JUnitReportReporter -->
<testsuite hostname="star-PC" name="testcases.LoginTest" tests="1" failures="0" timestamp="15 May 2018 01:34:22 GMT" time="14.179" errors="0">
  <testcase name="loginasBanker" time="14.179" classname="testcases.LoginTest"/>
</testsuite> <!-- testcases.LoginTest -->
