<?xml version="1.0" encoding="UTF-8"?>
<!-- Generated by org.testng.reporters.JUnitReportReporter -->
<testsuite hostname="star-PC" name="testcases.AddCustTest" tests="1" failures="0" timestamp="15 May 2018 01:34:22 GMT" time="8.539" errors="0">
  <testcase name="AddCustTest1" time="8.539" classname="testcases.AddCustTest"/>
</testsuite> <!-- testcases.AddCustTest -->
