<?xml version="1.0" encoding="UTF-8"?>
<!-- Generated by org.testng.reporters.JUnitReportReporter -->
<testsuite hostname="star-PC" name="testcases.LoginTest" tests="1" failures="0" timestamp="6 May 2018 14:30:23 GMT" time="1.764" errors="0">
  <testcase name="loginasBanker" time="1.764" classname="testcases.LoginTest"/>
</testsuite> <!-- testcases.LoginTest -->
