<?xml version="1.0" encoding="UTF-8"?>
<!-- Generated by org.testng.reporters.JUnitReportReporter -->
<testsuite hostname="star-PC" name="testcases.AddCustTest" tests="1" failures="0" timestamp="6 May 2018 14:30:23 GMT" time="4.135" errors="0">
  <testcase name="addcustomer" time="4.135" classname="testcases.AddCustTest"/>
</testsuite> <!-- testcases.AddCustTest -->
