<?xml version="1.0" encoding="UTF-8"?>
<!-- Generated by org.testng.reporters.JUnitReportReporter -->
<testsuite hostname="star-PC" name="testcases.LoginTest" tests="1" failures="0" timestamp="8 May 2018 16:47:42 GMT" time="20.469" errors="0">
  <testcase name="loginasBanker" time="20.469" classname="testcases.LoginTest"/>
</testsuite> <!-- testcases.LoginTest -->
