<?xml version="1.0" encoding="UTF-8"?>
<!-- Generated by org.testng.reporters.JUnitReportReporter -->
<testsuite hostname="star-PC" name="testcases.LoginTest" tests="1" failures="0" timestamp="15 May 2018 00:15:21 GMT" time="1.827" errors="0">
  <testcase name="loginasBanker" time="1.827" classname="testcases.LoginTest"/>
</testsuite> <!-- testcases.LoginTest -->
