<?xml version="1.0" encoding="UTF-8"?>
<!-- Generated by org.testng.reporters.JUnitReportReporter -->
<testsuite hostname="star-PC" name="testcases.LoginTest" tests="1" failures="0" timestamp="7 May 2018 14:38:06 GMT" time="1.730" errors="0">
  <testcase name="loginasBanker" time="1.730" classname="testcases.LoginTest"/>
</testsuite> <!-- testcases.LoginTest -->
